d:\users\ttthu\onedrive\documents\repository\github\ctdl_gt\ctdl_gt\x64\release\vc143.pdb
d:\users\ttthu\onedrive\documents\repository\github\ctdl_gt\ctdl_gt\x64\release\queue_dslk.obj
d:\users\ttthu\onedrive\documents\repository\github\ctdl_gt\ctdl_gt\x64\release\queue.obj
d:\users\ttthu\onedrive\documents\repository\github\ctdl_gt\ctdl_gt\x64\release\prim.obj
d:\users\ttthu\onedrive\documents\repository\github\ctdl_gt\ctdl_gt\x64\release\matranke.obj
d:\users\ttthu\onedrive\documents\repository\github\ctdl_gt\ctdl_gt\x64\release\kruskal.obj
d:\users\ttthu\onedrive\documents\repository\github\ctdl_gt\ctdl_gt\x64\release\ds_lienketkep.obj
d:\users\ttthu\onedrive\documents\repository\github\ctdl_gt\ctdl_gt\x64\release\ds_lienketdon.obj
d:\users\ttthu\onedrive\documents\repository\github\ctdl_gt\ctdl_gt\x64\release\dslkd.obj
d:\users\ttthu\onedrive\documents\repository\github\ctdl_gt\ctdl_gt\x64\release\dslk.obj
d:\users\ttthu\onedrive\documents\repository\github\ctdl_gt\ctdl_gt\x64\release\danhsachke.obj
d:\users\ttthu\onedrive\documents\repository\github\ctdl_gt\ctdl_gt\x64\release\caynhiphan.obj
d:\users\ttthu\onedrive\documents\repository\github\ctdl_gt\ctdl_gt\x64\release\bt_dslk.obj
d:\users\ttthu\onedrive\documents\repository\github\ctdl_gt\ctdl_gt\x64\release\baitap4.obj
d:\users\ttthu\onedrive\documents\repository\github\ctdl_gt\ctdl_gt\x64\release\baitap.obj
d:\users\ttthu\onedrive\documents\repository\github\ctdl_gt\ctdl_gt\x64\release\bai6.obj
d:\users\ttthu\onedrive\documents\repository\github\ctdl_gt\ctdl_gt\x64\release\bai5.obj
d:\users\ttthu\onedrive\documents\repository\github\ctdl_gt\ctdl_gt\x64\release\bai4.obj
d:\users\ttthu\onedrive\documents\repository\github\ctdl_gt\ctdl_gt\x64\release\bai3.obj
d:\users\ttthu\onedrive\documents\repository\github\ctdl_gt\ctdl_gt\x64\release\bai2.obj
d:\users\ttthu\onedrive\documents\repository\github\ctdl_gt\ctdl_gt\x64\release\bai1.obj
d:\users\ttthu\onedrive\documents\repository\github\ctdl_gt\ctdl_gt\x64\release\stack_dslk.obj
d:\users\ttthu\onedrive\documents\repository\github\ctdl_gt\ctdl_gt\x64\release\stack.obj
d:\users\ttthu\onedrive\documents\repository\github\ctdl_gt\ctdl_gt\x64\release\selectionsort.obj
d:\users\ttthu\onedrive\documents\repository\github\ctdl_gt\x64\release\ctdl_gt.exe
d:\users\ttthu\onedrive\documents\repository\github\ctdl_gt\ctdl_gt\x64\release\ctdl_gt.ipdb
d:\users\ttthu\onedrive\documents\repository\github\ctdl_gt\x64\release\ctdl_gt.pdb
d:\users\ttthu\onedrive\documents\repository\github\ctdl_gt\ctdl_gt\x64\release\ctdl_gt.iobj
d:\users\ttthu\onedrive\documents\repository\github\ctdl_gt\ctdl_gt\x64\release\ctdl_gt.tlog\cl.command.1.tlog
d:\users\ttthu\onedrive\documents\repository\github\ctdl_gt\ctdl_gt\x64\release\ctdl_gt.tlog\cl.read.1.tlog
d:\users\ttthu\onedrive\documents\repository\github\ctdl_gt\ctdl_gt\x64\release\ctdl_gt.tlog\cl.write.1.tlog
d:\users\ttthu\onedrive\documents\repository\github\ctdl_gt\ctdl_gt\x64\release\ctdl_gt.tlog\link.command.1.tlog
d:\users\ttthu\onedrive\documents\repository\github\ctdl_gt\ctdl_gt\x64\release\ctdl_gt.tlog\link.read.1.tlog
d:\users\ttthu\onedrive\documents\repository\github\ctdl_gt\ctdl_gt\x64\release\ctdl_gt.tlog\link.write.1.tlog
