d:\users\ttthu\onedrive\documents\repository\github\getting-started-c\ctdl_gt\ctdl_gt\x64\debug\vc143.pdb
d:\users\ttthu\onedrive\documents\repository\github\getting-started-c\ctdl_gt\ctdl_gt\x64\debug\vc143.idb
d:\users\ttthu\onedrive\documents\repository\github\getting-started-c\ctdl_gt\ctdl_gt\x64\debug\bai5.obj
d:\users\ttthu\onedrive\documents\repository\github\getting-started-c\ctdl_gt\ctdl_gt\x64\debug\bai4.obj
d:\users\ttthu\onedrive\documents\repository\github\getting-started-c\ctdl_gt\ctdl_gt\x64\debug\bai3.obj
d:\users\ttthu\onedrive\documents\repository\github\getting-started-c\ctdl_gt\ctdl_gt\x64\debug\bai2.obj
d:\users\ttthu\onedrive\documents\repository\github\getting-started-c\ctdl_gt\ctdl_gt\x64\debug\bai1.obj
d:\users\ttthu\onedrive\documents\repository\github\getting-started-c\ctdl_gt\ctdl_gt\x64\debug\b5.obj
d:\users\ttthu\onedrive\documents\repository\github\getting-started-c\ctdl_gt\ctdl_gt\x64\debug\b4.obj
d:\users\ttthu\onedrive\documents\repository\github\getting-started-c\ctdl_gt\ctdl_gt\x64\debug\b3.obj
d:\users\ttthu\onedrive\documents\repository\github\getting-started-c\ctdl_gt\ctdl_gt\x64\debug\b2.obj
d:\users\ttthu\onedrive\documents\repository\github\getting-started-c\ctdl_gt\ctdl_gt\x64\debug\b1.obj
d:\users\ttthu\onedrive\documents\repository\github\getting-started-c\ctdl_gt\ctdl_gt\x64\debug\ctdl_gt.ilk
d:\users\ttthu\onedrive\documents\repository\github\getting-started-c\ctdl_gt\x64\debug\ctdl_gt.exe
d:\users\ttthu\onedrive\documents\repository\github\getting-started-c\ctdl_gt\x64\debug\ctdl_gt.pdb
d:\users\ttthu\onedrive\documents\repository\github\getting-started-c\ctdl_gt\ctdl_gt\x64\debug\ctdl_gt.tlog\cl.command.1.tlog
d:\users\ttthu\onedrive\documents\repository\github\getting-started-c\ctdl_gt\ctdl_gt\x64\debug\ctdl_gt.tlog\cl.read.1.tlog
d:\users\ttthu\onedrive\documents\repository\github\getting-started-c\ctdl_gt\ctdl_gt\x64\debug\ctdl_gt.tlog\cl.write.1.tlog
d:\users\ttthu\onedrive\documents\repository\github\getting-started-c\ctdl_gt\ctdl_gt\x64\debug\ctdl_gt.tlog\link.command.1.tlog
d:\users\ttthu\onedrive\documents\repository\github\getting-started-c\ctdl_gt\ctdl_gt\x64\debug\ctdl_gt.tlog\link.read.1.tlog
d:\users\ttthu\onedrive\documents\repository\github\getting-started-c\ctdl_gt\ctdl_gt\x64\debug\ctdl_gt.tlog\link.write.1.tlog
